#
# There is insufficient memory for the Java Runtime Environment to continue.
# Native memory allocation (malloc) failed to allocate 32744 bytes for Chunk::new
# Possible reasons:
#   The system is out of physical RAM or swap space
#   The process is running with CompressedOops enabled, and the Java Heap may be blocking the growth of the native heap
# Possible solutions:
#   Reduce memory load on the system
#   Increase physical memory or swap space
#   Check if swap backing store is full
#   Decrease Java heap size (-Xmx/-Xms)
#   Decrease number of Java threads
#   Decrease Java thread stack sizes (-Xss)
#   Set larger code cache with -XX:ReservedCodeCacheSize=
#   JVM is running with Unscaled Compressed Oops mode in which the Java heap is
#     placed in the first 4GB address space. The Java Heap base address is the
#     maximum limit for the native heap growth. Please use -XX:HeapBaseMinAddress
#     to set the Java Heap base and to place the Java Heap above 4GB virtual address.
# This output file may be truncated or incomplete.
#
#  Out of Memory Error (arena.cpp:184), pid=225328, tid=218276
#
# JRE version: Java(TM) SE Runtime Environment (18.0.1+10) (build 18.0.1+10-24)
# Java VM: Java HotSpot(TM) 64-Bit Server VM (18.0.1+10-24, mixed mode, sharing, tiered, compressed oops, compressed class ptrs, g1 gc, windows-amd64)
# No core dump will be written. Minidumps are not enabled by default on client versions of Windows
#

---------------  S U M M A R Y ------------

Command Line: -Dfile.encoding=UTF-8 -XX:+ShowCodeDetailsInExceptionMessages cucumber.api.cli.Main C:/Users/LENOVO/git/repository2/Eco_PVT_LTD/src/test/resources/features/AddDifferentWidgets.feature --glue classpath: --plugin pretty --monochrome

Host: Intel(R) Core(TM) i5-6300U CPU @ 2.40GHz, 4 cores, 7G,  Windows 10 , 64 bit Build 19041 (10.0.19041.2251)
Time: Tue Aug 27 16:13:07 2024 India Standard Time elapsed time: 38.060160 seconds (0d 0h 0m 38s)

---------------  T H R E A D  ---------------

Current thread (0x000001adf68ede80):  JavaThread "C1 CompilerThread0" daemon [_thread_in_native, id=218276, stack(0x00000030ee900000,0x00000030eea00000)]


Current CompileTask:
C1:  38060 3590   !   3      
[error occurred during error reporting (printing current compile task), id 0xe0000001, Out of Memory Error (s\open\src\hotspot\share\memory\arena.cpp:184)]

Stack: [0x00000030ee900000,0x00000030eea00000]
Native frames: (J=compiled Java code, j=interpreted, Vv=VM code, C=native code)
V  [jvm.dll+0x69887a]
V  [jvm.dll+0x7f38bd]
V  [jvm.dll+0x7f51ce]
V  [jvm.dll+0x7f5883]
V  [jvm.dll+0x25ca3f]
V  [jvm.dll+0xb8c2f]
V  [jvm.dll+0xb8fa5]
V  [jvm.dll+0x7600bc]
V  [jvm.dll+0x7601a9]
V  [jvm.dll+0x64e439]
V  [jvm.dll+0x2430a6]
V  [jvm.dll+0x243627]
V  [jvm.dll+0x7f3758]
V  [jvm.dll+0x7f51ce]
V  [jvm.dll+0x7f5883]
V  [jvm.dll+0x25ca3f]
V  [jvm.dll+0xb8c2f]
V  [jvm.dll+0xb8fa5]
V  [jvm.dll+0x18b293]
V  [jvm.dll+0x18b35e]
V  [jvm.dll+0x18db45]
V  [jvm.dll+0x18f661]
V  [jvm.dll+0x148df3]
V  [jvm.dll+0x1486cf]
V  [jvm.dll+0x148926]
V  [jvm.dll+0x147d9a]
V  [jvm.dll+0x149a81]
V  [jvm.dll+0x23e8ca]
V  [jvm.dll+0x23cbb5]
V  [jvm.dll+0x7a5fb1]
V  [jvm.dll+0x7a03ea]
V  [jvm.dll+0x697725]
C  [ucrtbase.dll+0x21bb2]
C  [KERNEL32.DLL+0x174b4]
C  [ntdll.dll+0x526a1]


---------------  P R O C E S S  ---------------

Threads class SMR info:
_java_thread_list=0x000001adfc29d700, length=25, elements={
0x000001add9444870, 0x000001adf689a740, 0x000001adf689b2b0, 0x000001adf68b17a0,
0x000001adf68b2050, 0x000001adf68b2900, 0x000001adf68bc180, 0x000001adf68c8940,
0x000001adf68ede80, 0x000001adf68f8380, 0x000001adfacb8f20, 0x000001adfacb5a30,
0x000001adfacb8580, 0x000001adfacb68a0, 0x000001adfacb8a50, 0x000001adfacb6d70,
0x000001adfacb7710, 0x000001adfacb7240, 0x000001adfacb80b0, 0x000001adfacb93f0,
0x000001adfacb5f00, 0x000001adfacb63d0, 0x000001adfad35700, 0x000001adfad326e0,
0x000001adfad33ef0
}

Java Threads: ( => current thread )
  0x000001add9444870 JavaThread "main" [_thread_blocked, id=227048, stack(0x00000030edb00000,0x00000030edc00000)]
  0x000001adf689a740 JavaThread "Reference Handler" daemon [_thread_blocked, id=222816, stack(0x00000030ee200000,0x00000030ee300000)]
  0x000001adf689b2b0 JavaThread "Finalizer" daemon [_thread_blocked, id=186796, stack(0x00000030ee300000,0x00000030ee400000)]
  0x000001adf68b17a0 JavaThread "Signal Dispatcher" daemon [_thread_blocked, id=217432, stack(0x00000030ee400000,0x00000030ee500000)]
  0x000001adf68b2050 JavaThread "Attach Listener" daemon [_thread_blocked, id=221288, stack(0x00000030ee500000,0x00000030ee600000)]
  0x000001adf68b2900 JavaThread "Service Thread" daemon [_thread_blocked, id=218220, stack(0x00000030ee600000,0x00000030ee700000)]
  0x000001adf68bc180 JavaThread "Monitor Deflation Thread" daemon [_thread_blocked, id=226644, stack(0x00000030ee700000,0x00000030ee800000)]
  0x000001adf68c8940 JavaThread "C2 CompilerThread0" daemon [_thread_blocked, id=223160, stack(0x00000030ee800000,0x00000030ee900000)]
=>0x000001adf68ede80 JavaThread "C1 CompilerThread0" daemon [_thread_in_native, id=218276, stack(0x00000030ee900000,0x00000030eea00000)]
  0x000001adf68f8380 JavaThread "Sweeper thread" daemon [_thread_blocked, id=226188, stack(0x00000030eea00000,0x00000030eeb00000)]
  0x000001adfacb8f20 JavaThread "Notification Thread" daemon [_thread_blocked, id=221632, stack(0x00000030eeb00000,0x00000030eec00000)]
  0x000001adfacb5a30 JavaThread "Common-Cleaner" daemon [_thread_blocked, id=223312, stack(0x00000030eed00000,0x00000030eee00000)]
  0x000001adfacb8580 JavaThread "ForkJoinPool.commonPool-worker-1" daemon [_thread_blocked, id=225732, stack(0x00000030ef100000,0x00000030ef200000)]
  0x000001adfacb68a0 JavaThread "HttpClient-1-SelectorManager" daemon [_thread_in_native, id=221248, stack(0x00000030ef200000,0x00000030ef300000)]
  0x000001adfacb8a50 JavaThread "External Process Output Forwarder - C:\Users\LENOVO\.cache\selenium\chromedriver\win64\128.0.6613.84\chromedriver.exe" daemon [_thread_in_native, id=225332, stack(0x00000030ef300000,0x00000030ef400000)]
  0x000001adfacb6d70 JavaThread "Driver Service Executor" daemon [_thread_blocked, id=225548, stack(0x00000030ef400000,0x00000030ef500000)]
  0x000001adfacb7710 JavaThread "Driver Service Executor" daemon [_thread_blocked, id=224044, stack(0x00000030ef500000,0x00000030ef600000)]
  0x000001adfacb7240 JavaThread "UrlChecker-2" daemon [_thread_blocked, id=226348, stack(0x00000030ef600000,0x00000030ef700000)]
  0x000001adfacb80b0 JavaThread "JdkHttpClient-0-0" daemon [_thread_blocked, id=226416, stack(0x00000030ef900000,0x00000030efa00000)]
  0x000001adfacb93f0 JavaThread "JdkHttpClient-0-1" daemon [_thread_blocked, id=186512, stack(0x00000030efa00000,0x00000030efb00000)]
  0x000001adfacb5f00 JavaThread "JdkHttpClient-0-2" daemon [_thread_blocked, id=224876, stack(0x00000030efb00000,0x00000030efc00000)]
  0x000001adfacb63d0 JavaThread "HttpClient-2-SelectorManager" daemon [_thread_in_native, id=227636, stack(0x00000030efc00000,0x00000030efd00000)]
  0x000001adfad35700 JavaThread "JdkHttpClient-1-0" daemon [_thread_blocked, id=227640, stack(0x00000030efd00000,0x00000030efe00000)]
  0x000001adfad326e0 JavaThread "JdkHttpClient-1-1" daemon [_thread_blocked, id=227644, stack(0x00000030efe00000,0x00000030eff00000)]
  0x000001adfad33ef0 JavaThread "JdkHttpClient-1-2" daemon [_thread_blocked, id=227648, stack(0x00000030eff00000,0x00000030f0000000)]

Other Threads:
  0x000001add94bda90 VMThread "VM Thread" [stack: 0x00000030ee100000,0x00000030ee200000] [id=224716]
  0x000001adfacc4a40 WatcherThread "VM Periodic Task Thread" [stack: 0x00000030eec00000,0x00000030eed00000] [id=224804]
  0x000001add949e520 WorkerThread "GC Thread#0" [stack: 0x00000030edc00000,0x00000030edd00000] [id=226284]
  0x000001adfb31b350 WorkerThread "GC Thread#1" [stack: 0x00000030eee00000,0x00000030eef00000] [id=218580]
  0x000001adfb383190 WorkerThread "GC Thread#2" [stack: 0x00000030eef00000,0x00000030ef000000] [id=227120]
  0x000001adfb3d62b0 WorkerThread "GC Thread#3" [stack: 0x00000030ef000000,0x00000030ef100000] [id=224800]
  0x000001add94af8d0 ConcurrentGCThread "G1 Main Marker" [stack: 0x00000030edd00000,0x00000030ede00000] [id=221052]
  0x000001add94b01d0 WorkerThread "G1 Conc#0" [stack: 0x00000030ede00000,0x00000030edf00000] [id=203656]
  0x000001add94f3140 ConcurrentGCThread "G1 Refine#0" [stack: 0x00000030edf00000,0x00000030ee000000] [id=224048]
  0x000001add94f5970 ConcurrentGCThread "G1 Service" [stack: 0x00000030ee000000,0x00000030ee100000] [id=184504]

Threads with active compile tasks:
C1 CompilerThread0    38286 3590   !   3       jdk.internal.net.http.Http1AsyncReceiver::flush (382 bytes)

VM state: not at safepoint (normal execution)

VM Mutex/Monitor currently owned by a thread: None

Heap address: 0x0000000089200000, size: 1902 MB, Compressed Oops mode: 32-bit

CDS archive(s) mapped at: [0x0000000800000000-0x0000000800ba0000-0x0000000800ba0000), size 12189696, SharedBaseAddress: 0x0000000800000000, ArchiveRelocationMode: 0.
Compressed class space mapped at: 0x0000000800c00000-0x0000000840c00000, reserved size: 1073741824
Narrow klass base: 0x0000000800000000, Narrow klass shift: 0, Narrow klass range: 0x100000000

GC Precious Log:
 CardTable entry size: 512
 Card Set container configuration: InlinePtr #cards 5 size 8 Array Of Cards #cards 12 size 40 Howl #buckets 4 coarsen threshold 1843 Howl Bitmap #cards 512 size 80 coarsen threshold 460 Card regions per heap region 1 cards per card region 2048
 CPUs: 4 total, 4 available
 Memory: 7603M
 Large Page Support: Disabled
 NUMA Support: Disabled
 Compressed Oops: Enabled (32-bit)
 Heap Region Size: 1M
 Heap Min Capacity: 8M
 Heap Initial Capacity: 120M
 Heap Max Capacity: 1902M
 Pre-touch: Disabled
 Parallel Workers: 4
 Concurrent Workers: 1
 Concurrent Refinement Workers: 4
 Periodic GC: Disabled

Heap:
 garbage-first heap   total 122880K, used 33532K [0x0000000089200000, 0x0000000100000000)
  region size 1024K, 21 young (21504K), 6 survivors (6144K)
 Metaspace       used 20959K, committed 21312K, reserved 1114112K
  class space    used 2488K, committed 2624K, reserved 1048576K

Heap Regions: E=young(eden), S=young(survivor), O=old, HS=humongous(starts), HC=humongous(continues), CS=collection set, F=free, OA=open archive, CA=closed archive, TAMS=top-at-mark-start (previous, next)
|   0|0x0000000089200000, 0x0000000089300000, 0x0000000089300000|100%|HS|  |TAMS 0x0000000089200000, 0x0000000089200000| Complete 
|   1|0x0000000089300000, 0x0000000089400000, 0x0000000089400000|100%| O|  |TAMS 0x0000000089300000, 0x0000000089300000| Untracked 
|   2|0x0000000089400000, 0x0000000089500000, 0x0000000089500000|100%| O|  |TAMS 0x0000000089400000, 0x0000000089400000| Untracked 
|   3|0x0000000089500000, 0x0000000089600000, 0x0000000089600000|100%| O|  |TAMS 0x0000000089500000, 0x0000000089500000| Untracked 
|   4|0x0000000089600000, 0x0000000089700000, 0x0000000089700000|100%| O|  |TAMS 0x0000000089600000, 0x0000000089600000| Untracked 
|   5|0x0000000089700000, 0x0000000089800000, 0x0000000089800000|100%| O|  |TAMS 0x0000000089700000, 0x0000000089700000| Untracked 
|   6|0x0000000089800000, 0x0000000089900000, 0x0000000089900000|100%| O|  |TAMS 0x0000000089800000, 0x0000000089800000| Untracked 
|   7|0x0000000089900000, 0x0000000089a00000, 0x0000000089a00000|100%| O|  |TAMS 0x0000000089900000, 0x0000000089900000| Untracked 
|   8|0x0000000089a00000, 0x0000000089b00000, 0x0000000089b00000|100%| O|  |TAMS 0x0000000089a00000, 0x0000000089a00000| Untracked 
|   9|0x0000000089b00000, 0x0000000089c00000, 0x0000000089c00000|100%|HS|  |TAMS 0x0000000089b00000, 0x0000000089b00000| Complete 
|  10|0x0000000089c00000, 0x0000000089c00000, 0x0000000089d00000|  0%| F|  |TAMS 0x0000000089c00000, 0x0000000089c00000| Untracked 
|  11|0x0000000089d00000, 0x0000000089d00000, 0x0000000089e00000|  0%| F|  |TAMS 0x0000000089d00000, 0x0000000089d00000| Untracked 
|  12|0x0000000089e00000, 0x0000000089e00000, 0x0000000089f00000|  0%| F|  |TAMS 0x0000000089e00000, 0x0000000089e00000| Untracked 
|  13|0x0000000089f00000, 0x0000000089f00000, 0x000000008a000000|  0%| F|  |TAMS 0x0000000089f00000, 0x0000000089f00000| Untracked 
|  14|0x000000008a000000, 0x000000008a100000, 0x000000008a100000|100%| O|  |TAMS 0x000000008a000000, 0x000000008a000000| Untracked 
|  15|0x000000008a100000, 0x000000008a200000, 0x000000008a200000|100%| O|  |TAMS 0x000000008a100000, 0x000000008a100000| Untracked 
|  16|0x000000008a200000, 0x000000008a300000, 0x000000008a300000|100%| O|  |TAMS 0x000000008a200000, 0x000000008a200000| Untracked 
|  17|0x000000008a300000, 0x000000008a3bf200, 0x000000008a400000| 74%| O|  |TAMS 0x000000008a300000, 0x000000008a300000| Untracked 
|  18|0x000000008a400000, 0x000000008a400000, 0x000000008a500000|  0%| F|  |TAMS 0x000000008a400000, 0x000000008a400000| Untracked 
|  19|0x000000008a500000, 0x000000008a500000, 0x000000008a600000|  0%| F|  |TAMS 0x000000008a500000, 0x000000008a500000| Untracked 
|  20|0x000000008a600000, 0x000000008a600000, 0x000000008a700000|  0%| F|  |TAMS 0x000000008a600000, 0x000000008a600000| Untracked 
|  21|0x000000008a700000, 0x000000008a700000, 0x000000008a800000|  0%| F|  |TAMS 0x000000008a700000, 0x000000008a700000| Untracked 
|  22|0x000000008a800000, 0x000000008a800000, 0x000000008a900000|  0%| F|  |TAMS 0x000000008a800000, 0x000000008a800000| Untracked 
|  23|0x000000008a900000, 0x000000008a900000, 0x000000008aa00000|  0%| F|  |TAMS 0x000000008a900000, 0x000000008a900000| Untracked 
|  24|0x000000008aa00000, 0x000000008aa00000, 0x000000008ab00000|  0%| F|  |TAMS 0x000000008aa00000, 0x000000008aa00000| Untracked 
|  25|0x000000008ab00000, 0x000000008ab00000, 0x000000008ac00000|  0%| F|  |TAMS 0x000000008ab00000, 0x000000008ab00000| Untracked 
|  26|0x000000008ac00000, 0x000000008ac00000, 0x000000008ad00000|  0%| F|  |TAMS 0x000000008ac00000, 0x000000008ac00000| Untracked 
|  27|0x000000008ad00000, 0x000000008ad00000, 0x000000008ae00000|  0%| F|  |TAMS 0x000000008ad00000, 0x000000008ad00000| Untracked 
|  28|0x000000008ae00000, 0x000000008ae00000, 0x000000008af00000|  0%| F|  |TAMS 0x000000008ae00000, 0x000000008ae00000| Untracked 
|  29|0x000000008af00000, 0x000000008af00000, 0x000000008b000000|  0%| F|  |TAMS 0x000000008af00000, 0x000000008af00000| Untracked 
|  30|0x000000008b000000, 0x000000008b000000, 0x000000008b100000|  0%| F|  |TAMS 0x000000008b000000, 0x000000008b000000| Untracked 
|  31|0x000000008b100000, 0x000000008b100000, 0x000000008b200000|  0%| F|  |TAMS 0x000000008b100000, 0x000000008b100000| Untracked 
|  32|0x000000008b200000, 0x000000008b200000, 0x000000008b300000|  0%| F|  |TAMS 0x000000008b200000, 0x000000008b200000| Untracked 
|  33|0x000000008b300000, 0x000000008b300000, 0x000000008b400000|  0%| F|  |TAMS 0x000000008b300000, 0x000000008b300000| Untracked 
|  34|0x000000008b400000, 0x000000008b400000, 0x000000008b500000|  0%| F|  |TAMS 0x000000008b400000, 0x000000008b400000| Untracked 
|  35|0x000000008b500000, 0x000000008b500000, 0x000000008b600000|  0%| F|  |TAMS 0x000000008b500000, 0x000000008b500000| Untracked 
|  36|0x000000008b600000, 0x000000008b600000, 0x000000008b700000|  0%| F|  |TAMS 0x000000008b600000, 0x000000008b600000| Untracked 
|  37|0x000000008b700000, 0x000000008b700000, 0x000000008b800000|  0%| F|  |TAMS 0x000000008b700000, 0x000000008b700000| Untracked 
|  38|0x000000008b800000, 0x000000008b800000, 0x000000008b900000|  0%| F|  |TAMS 0x000000008b800000, 0x000000008b800000| Untracked 
|  39|0x000000008b900000, 0x000000008b900000, 0x000000008ba00000|  0%| F|  |TAMS 0x000000008b900000, 0x000000008b900000| Untracked 
|  40|0x000000008ba00000, 0x000000008ba00000, 0x000000008bb00000|  0%| F|  |TAMS 0x000000008ba00000, 0x000000008ba00000| Untracked 
|  41|0x000000008bb00000, 0x000000008bb00000, 0x000000008bc00000|  0%| F|  |TAMS 0x000000008bb00000, 0x000000008bb00000| Untracked 
|  42|0x000000008bc00000, 0x000000008bc00000, 0x000000008bd00000|  0%| F|  |TAMS 0x000000008bc00000, 0x000000008bc00000| Untracked 
|  43|0x000000008bd00000, 0x000000008bd00000, 0x000000008be00000|  0%| F|  |TAMS 0x000000008bd00000, 0x000000008bd00000| Untracked 
|  44|0x000000008be00000, 0x000000008be00000, 0x000000008bf00000|  0%| F|  |TAMS 0x000000008be00000, 0x000000008be00000| Untracked 
|  45|0x000000008bf00000, 0x000000008bf00000, 0x000000008c000000|  0%| F|  |TAMS 0x000000008bf00000, 0x000000008bf00000| Untracked 
|  46|0x000000008c000000, 0x000000008c000000, 0x000000008c100000|  0%| F|  |TAMS 0x000000008c000000, 0x000000008c000000| Untracked 
|  47|0x000000008c100000, 0x000000008c100000, 0x000000008c200000|  0%| F|  |TAMS 0x000000008c100000, 0x000000008c100000| Untracked 
|  48|0x000000008c200000, 0x000000008c200000, 0x000000008c300000|  0%| F|  |TAMS 0x000000008c200000, 0x000000008c200000| Untracked 
|  49|0x000000008c300000, 0x000000008c300000, 0x000000008c400000|  0%| F|  |TAMS 0x000000008c300000, 0x000000008c300000| Untracked 
|  50|0x000000008c400000, 0x000000008c400000, 0x000000008c500000|  0%| F|  |TAMS 0x000000008c400000, 0x000000008c400000| Untracked 
|  51|0x000000008c500000, 0x000000008c500000, 0x000000008c600000|  0%| F|  |TAMS 0x000000008c500000, 0x000000008c500000| Untracked 
|  52|0x000000008c600000, 0x000000008c600000, 0x000000008c700000|  0%| F|  |TAMS 0x000000008c600000, 0x000000008c600000| Untracked 
|  53|0x000000008c700000, 0x000000008c700000, 0x000000008c800000|  0%| F|  |TAMS 0x000000008c700000, 0x000000008c700000| Untracked 
|  54|0x000000008c800000, 0x000000008c800000, 0x000000008c900000|  0%| F|  |TAMS 0x000000008c800000, 0x000000008c800000| Untracked 
|  55|0x000000008c900000, 0x000000008c900000, 0x000000008ca00000|  0%| F|  |TAMS 0x000000008c900000, 0x000000008c900000| Untracked 
|  56|0x000000008ca00000, 0x000000008ca00000, 0x000000008cb00000|  0%| F|  |TAMS 0x000000008ca00000, 0x000000008ca00000| Untracked 
|  57|0x000000008cb00000, 0x000000008cb00000, 0x000000008cc00000|  0%| F|  |TAMS 0x000000008cb00000, 0x000000008cb00000| Untracked 
|  58|0x000000008cc00000, 0x000000008cc00000, 0x000000008cd00000|  0%| F|  |TAMS 0x000000008cc00000, 0x000000008cc00000| Untracked 
|  59|0x000000008cd00000, 0x000000008cd00000, 0x000000008ce00000|  0%| F|  |TAMS 0x000000008cd00000, 0x000000008cd00000| Untracked 
|  60|0x000000008ce00000, 0x000000008ce00000, 0x000000008cf00000|  0%| F|  |TAMS 0x000000008ce00000, 0x000000008ce00000| Untracked 
|  61|0x000000008cf00000, 0x000000008cf00000, 0x000000008d000000|  0%| F|  |TAMS 0x000000008cf00000, 0x000000008cf00000| Untracked 
|  62|0x000000008d000000, 0x000000008d000000, 0x000000008d100000|  0%| F|  |TAMS 0x000000008d000000, 0x000000008d000000| Untracked 
|  63|0x000000008d100000, 0x000000008d100000, 0x000000008d200000|  0%| F|  |TAMS 0x000000008d100000, 0x000000008d100000| Untracked 
|  64|0x000000008d200000, 0x000000008d200000, 0x000000008d300000|  0%| F|  |TAMS 0x000000008d200000, 0x000000008d200000| Untracked 
|  65|0x000000008d300000, 0x000000008d300000, 0x000000008d400000|  0%| F|  |TAMS 0x000000008d300000, 0x000000008d300000| Untracked 
|  66|0x000000008d400000, 0x000000008d500000, 0x000000008d500000|100%| S|CS|TAMS 0x000000008d400000, 0x000000008d400000| Complete 
|  67|0x000000008d500000, 0x000000008d600000, 0x000000008d600000|100%| S|CS|TAMS 0x000000008d500000, 0x000000008d500000| Complete 
|  68|0x000000008d600000, 0x000000008d700000, 0x000000008d700000|100%| S|CS|TAMS 0x000000008d600000, 0x000000008d600000| Complete 
|  69|0x000000008d700000, 0x000000008d800000, 0x000000008d800000|100%| S|CS|TAMS 0x000000008d700000, 0x000000008d700000| Complete 
|  70|0x000000008d800000, 0x000000008d900000, 0x000000008d900000|100%| S|CS|TAMS 0x000000008d800000, 0x000000008d800000| Complete 
|  71|0x000000008d900000, 0x000000008da00000, 0x000000008da00000|100%| S|CS|TAMS 0x000000008d900000, 0x000000008d900000| Complete 
|  72|0x000000008da00000, 0x000000008da00000, 0x000000008db00000|  0%| F|  |TAMS 0x000000008da00000, 0x000000008da00000| Untracked 
|  73|0x000000008db00000, 0x000000008db00000, 0x000000008dc00000|  0%| F|  |TAMS 0x000000008db00000, 0x000000008db00000| Untracked 
|  74|0x000000008dc00000, 0x000000008dc00000, 0x000000008dd00000|  0%| F|  |TAMS 0x000000008dc00000, 0x000000008dc00000| Untracked 
|  75|0x000000008dd00000, 0x000000008dd00000, 0x000000008de00000|  0%| F|  |TAMS 0x000000008dd00000, 0x000000008dd00000| Untracked 
|  76|0x000000008de00000, 0x000000008de00000, 0x000000008df00000|  0%| F|  |TAMS 0x000000008de00000, 0x000000008de00000| Untracked 
|  77|0x000000008df00000, 0x000000008df00000, 0x000000008e000000|  0%| F|  |TAMS 0x000000008df00000, 0x000000008df00000| Untracked 
|  78|0x000000008e000000, 0x000000008e000000, 0x000000008e100000|  0%| F|  |TAMS 0x000000008e000000, 0x000000008e000000| Untracked 
|  79|0x000000008e100000, 0x000000008e100000, 0x000000008e200000|  0%| F|  |TAMS 0x000000008e100000, 0x000000008e100000| Untracked 
|  80|0x000000008e200000, 0x000000008e200000, 0x000000008e300000|  0%| F|  |TAMS 0x000000008e200000, 0x000000008e200000| Untracked 
|  81|0x000000008e300000, 0x000000008e300000, 0x000000008e400000|  0%| F|  |TAMS 0x000000008e300000, 0x000000008e300000| Untracked 
|  82|0x000000008e400000, 0x000000008e400000, 0x000000008e500000|  0%| F|  |TAMS 0x000000008e400000, 0x000000008e400000| Untracked 
|  83|0x000000008e500000, 0x000000008e500000, 0x000000008e600000|  0%| F|  |TAMS 0x000000008e500000, 0x000000008e500000| Untracked 
|  84|0x000000008e600000, 0x000000008e600000, 0x000000008e700000|  0%| F|  |TAMS 0x000000008e600000, 0x000000008e600000| Untracked 
|  85|0x000000008e700000, 0x000000008e700000, 0x000000008e800000|  0%| F|  |TAMS 0x000000008e700000, 0x000000008e700000| Untracked 
|  86|0x000000008e800000, 0x000000008e800000, 0x000000008e900000|  0%| F|  |TAMS 0x000000008e800000, 0x000000008e800000| Untracked 
|  87|0x000000008e900000, 0x000000008e900000, 0x000000008ea00000|  0%| F|  |TAMS 0x000000008e900000, 0x000000008e900000| Untracked 
|  88|0x000000008ea00000, 0x000000008ea00000, 0x000000008eb00000|  0%| F|  |TAMS 0x000000008ea00000, 0x000000008ea00000| Untracked 
|  89|0x000000008eb00000, 0x000000008eb00000, 0x000000008ec00000|  0%| F|  |TAMS 0x000000008eb00000, 0x000000008eb00000| Untracked 
|  90|0x000000008ec00000, 0x000000008ec00000, 0x000000008ed00000|  0%| F|  |TAMS 0x000000008ec00000, 0x000000008ec00000| Untracked 
|  91|0x000000008ed00000, 0x000000008ed00000, 0x000000008ee00000|  0%| F|  |TAMS 0x000000008ed00000, 0x000000008ed00000| Untracked 
|  92|0x000000008ee00000, 0x000000008ee00000, 0x000000008ef00000|  0%| F|  |TAMS 0x000000008ee00000, 0x000000008ee00000| Untracked 
|  93|0x000000008ef00000, 0x000000008ef00000, 0x000000008f000000|  0%| F|  |TAMS 0x000000008ef00000, 0x000000008ef00000| Untracked 
|  94|0x000000008f000000, 0x000000008f000000, 0x000000008f100000|  0%| F|  |TAMS 0x000000008f000000, 0x000000008f000000| Untracked 
|  95|0x000000008f100000, 0x000000008f100000, 0x000000008f200000|  0%| F|  |TAMS 0x000000008f100000, 0x000000008f100000| Untracked 
|  96|0x000000008f200000, 0x000000008f200000, 0x000000008f300000|  0%| F|  |TAMS 0x000000008f200000, 0x000000008f200000| Untracked 
|  97|0x000000008f300000, 0x000000008f300000, 0x000000008f400000|  0%| F|  |TAMS 0x000000008f300000, 0x000000008f300000| Untracked 
|  98|0x000000008f400000, 0x000000008f400000, 0x000000008f500000|  0%| F|  |TAMS 0x000000008f400000, 0x000000008f400000| Untracked 
|  99|0x000000008f500000, 0x000000008f500000, 0x000000008f600000|  0%| F|  |TAMS 0x000000008f500000, 0x000000008f500000| Untracked 
| 100|0x000000008f600000, 0x000000008f600000, 0x000000008f700000|  0%| F|  |TAMS 0x000000008f600000, 0x000000008f600000| Untracked 
| 101|0x000000008f700000, 0x000000008f700000, 0x000000008f800000|  0%| F|  |TAMS 0x000000008f700000, 0x000000008f700000| Untracked 
| 102|0x000000008f800000, 0x000000008f800000, 0x000000008f900000|  0%| F|  |TAMS 0x000000008f800000, 0x000000008f800000| Untracked 
| 103|0x000000008f900000, 0x000000008f900000, 0x000000008fa00000|  0%| F|  |TAMS 0x000000008f900000, 0x000000008f900000| Untracked 
| 104|0x000000008fa00000, 0x000000008fa00000, 0x000000008fb00000|  0%| F|  |TAMS 0x000000008fa00000, 0x000000008fa00000| Untracked 
| 105|0x000000008fb00000, 0x000000008fbb6440, 0x000000008fc00000| 71%| E|  |TAMS 0x000000008fb00000, 0x000000008fb00000| Complete 
| 106|0x000000008fc00000, 0x000000008fd00000, 0x000000008fd00000|100%| E|CS|TAMS 0x000000008fc00000, 0x000000008fc00000| Complete 
| 107|0x000000008fd00000, 0x000000008fe00000, 0x000000008fe00000|100%| E|CS|TAMS 0x000000008fd00000, 0x000000008fd00000| Complete 
| 108|0x000000008fe00000, 0x000000008ff00000, 0x000000008ff00000|100%| E|  |TAMS 0x000000008fe00000, 0x000000008fe00000| Complete 
| 109|0x000000008ff00000, 0x0000000090000000, 0x0000000090000000|100%| E|CS|TAMS 0x000000008ff00000, 0x000000008ff00000| Complete 
| 110|0x0000000090000000, 0x0000000090100000, 0x0000000090100000|100%| E|CS|TAMS 0x0000000090000000, 0x0000000090000000| Complete 
| 111|0x0000000090100000, 0x0000000090200000, 0x0000000090200000|100%| E|CS|TAMS 0x0000000090100000, 0x0000000090100000| Complete 
| 112|0x0000000090200000, 0x0000000090300000, 0x0000000090300000|100%| E|CS|TAMS 0x0000000090200000, 0x0000000090200000| Complete 
| 113|0x0000000090300000, 0x0000000090400000, 0x0000000090400000|100%| E|CS|TAMS 0x0000000090300000, 0x0000000090300000| Complete 
| 114|0x0000000090400000, 0x0000000090500000, 0x0000000090500000|100%| E|CS|TAMS 0x0000000090400000, 0x0000000090400000| Complete 
| 115|0x0000000090500000, 0x0000000090600000, 0x0000000090600000|100%| E|CS|TAMS 0x0000000090500000, 0x0000000090500000| Complete 
| 116|0x0000000090600000, 0x0000000090700000, 0x0000000090700000|100%| E|CS|TAMS 0x0000000090600000, 0x0000000090600000| Complete 
| 117|0x0000000090700000, 0x0000000090800000, 0x0000000090800000|100%| E|CS|TAMS 0x0000000090700000, 0x0000000090700000| Complete 
| 118|0x0000000090800000, 0x0000000090900000, 0x0000000090900000|100%| E|CS|TAMS 0x0000000090800000, 0x0000000090800000| Complete 
| 119|0x0000000090900000, 0x0000000090a00000, 0x0000000090a00000|100%| E|CS|TAMS 0x0000000090900000, 0x0000000090900000| Complete 

Card table byte_map: [0x000001adf0130000,0x000001adf04f0000] _byte_map_base: 0x000001adefce7000

Marking Bits (Prev, Next): (CMBitMap*) 0x000001add949fa40, (CMBitMap*) 0x000001add949fa80
 Prev Bits: [0x000001adf08b0000, 0x000001adf2668000)
 Next Bits: [0x000001adf2670000, 0x000001adf4428000)

Polling page: 0x000001add75d0000

Metaspace:

Usage:
  Non-class:     18.04 MB used.
      Class:      2.43 MB used.
       Both:     20.47 MB used.

Virtual space:
  Non-class space:       64.00 MB reserved,      18.25 MB ( 29%) committed,  1 nodes.
      Class space:        1.00 GB reserved,       2.56 MB ( <1%) committed,  1 nodes.
             Both:        1.06 GB reserved,      20.81 MB (  2%) committed. 

Chunk freelists:
   Non-Class:  880.00 KB
       Class:  1.31 MB
        Both:  2.17 MB

MaxMetaspaceSize: unlimited
CompressedClassSpaceSize: 1.00 GB
Initial GC threshold: 21.00 MB
Current GC threshold: 21.00 MB
CDS: on
MetaspaceReclaimPolicy: balanced
 - commit_granule_bytes: 65536.
 - commit_granule_words: 8192.
 - virtual_space_node_default_size: 8388608.
 - enlarge_chunks_in_place: 1.
 - new_chunks_are_fully_committed: 0.
 - uncommit_free_chunks: 1.
 - use_allocation_guard: 0.


Internal statistics:

num_allocs_failed_limit: 0.
num_arena_births: 350.
num_arena_deaths: 0.
num_vsnodes_births: 2.
num_vsnodes_deaths: 0.
num_space_committed: 333.
num_space_uncommitted: 0.
num_chunks_returned_to_freelist: 0.
num_chunks_taken_from_freelist: 924.
num_chunk_merges: 0.
num_chunk_splits: 593.
num_chunks_enlarged: 430.
num_inconsistent_stats: 0.

CodeHeap 'non-profiled nmethods': size=120000Kb used=1211Kb max_used=1211Kb free=118788Kb
 bounds [0x000001ade8840000, 0x000001ade8ab0000, 0x000001adefd70000]
CodeHeap 'profiled nmethods': size=120000Kb used=7221Kb max_used=7221Kb free=112778Kb
 bounds [0x000001ade1310000, 0x000001ade1a20000, 0x000001ade8840000]
CodeHeap 'non-nmethods': size=5760Kb used=1243Kb max_used=1278Kb free=4516Kb
 bounds [0x000001ade0d70000, 0x000001ade0fe0000, 0x000001ade1310000]
 total_blobs=4119 nmethods=3577 adapters=453
 compilation: enabled
              stopped_count=0, restarted_count=0
 full_count=0

Compilation events (20 events):
Event: 37.536 Thread 0x000001adf68ede80 3579   !   3       sun.nio.ch.WEPollSelectorImpl::wakeup (53 bytes)
Event: 37.536 Thread 0x000001adf68c8940 nmethod 3580 0x000001ade896e610 code [0x000001ade896e7a0, 0x000001ade896e878]
Event: 37.537 Thread 0x000001adf68ede80 nmethod 3579 0x000001ade1a17890 code [0x000001ade1a17a60, 0x000001ade1a17df8]
Event: 38.041 Thread 0x000001adf68c8940 3581       4       java.util.stream.ReferencePipeline$2$1::accept (27 bytes)
Event: 38.042 Thread 0x000001adf68ede80 3582       3       java.util.TreeMap::forEach (58 bytes)
Event: 38.042 Thread 0x000001adf68c8940 nmethod 3581 0x000001ade896e910 code [0x000001ade896eaa0, 0x000001ade896eb78]
Event: 38.043 Thread 0x000001adf68ede80 nmethod 3582 0x000001ade1a18010 code [0x000001ade1a18220, 0x000001ade1a188b8]
Event: 38.043 Thread 0x000001adf68ede80 3583   !   3       java.util.concurrent.CompletableFuture$UniCompose::tryFire (199 bytes)
Event: 38.046 Thread 0x000001adf68ede80 nmethod 3583 0x000001ade1a18b90 code [0x000001ade1a18f80, 0x000001ade1a1ae58]
Event: 38.046 Thread 0x000001adf68ede80 3584       3       java.util.concurrent.ConcurrentLinkedDeque::peek (5 bytes)
Event: 38.047 Thread 0x000001adf68ede80 nmethod 3584 0x000001ade1a1b990 code [0x000001ade1a1bb40, 0x000001ade1a1bc88]
Event: 38.047 Thread 0x000001adf68ede80 3585       3       jdk.internal.net.http.Http1AsyncReceiver::hasDemand (68 bytes)
Event: 38.047 Thread 0x000001adf68ede80 nmethod 3585 0x000001ade1a1bd10 code [0x000001ade1a1bf20, 0x000001ade1a1c868]
Event: 38.047 Thread 0x000001adf68ede80 3586       3       java.net.http.HttpHeaders::<init> (10 bytes)
Event: 38.048 Thread 0x000001adf68ede80 nmethod 3586 0x000001ade1a1cb90 code [0x000001ade1a1cd20, 0x000001ade1a1ced8]
Event: 38.048 Thread 0x000001adf68ede80 3587       3       java.net.http.HttpHeaders::of (16 bytes)
Event: 38.048 Thread 0x000001adf68ede80 nmethod 3587 0x000001ade1a1cf90 code [0x000001ade1a1d160, 0x000001ade1a1d548]
Event: 38.048 Thread 0x000001adf68ede80 3588       1       jdk.internal.net.http.SocketTube$SocketFlowEvent::registered (5 bytes)
Event: 38.049 Thread 0x000001adf68ede80 nmethod 3588 0x000001ade896ec90 code [0x000001ade896ee20, 0x000001ade896eef8]
Event: 38.049 Thread 0x000001adf68ede80 3590   !   3       jdk.internal.net.http.Http1AsyncReceiver::flush (382 bytes)

GC Heap History (8 events):
Event: 0.702 GC heap before
{Heap before GC invocations=0 (full 0):
 garbage-first heap   total 122880K, used 14336K [0x0000000089200000, 0x0000000100000000)
  region size 1024K, 13 young (13312K), 0 survivors (0K)
 Metaspace       used 2019K, committed 2176K, reserved 1114112K
  class space    used 204K, committed 256K, reserved 1048576K
}
Event: 0.711 GC heap after
{Heap after GC invocations=1 (full 0):
 garbage-first heap   total 122880K, used 8620K [0x0000000089200000, 0x0000000100000000)
  region size 1024K, 2 young (2048K), 2 survivors (2048K)
 Metaspace       used 2019K, committed 2176K, reserved 1114112K
  class space    used 204K, committed 256K, reserved 1048576K
}
Event: 1.267 GC heap before
{Heap before GC invocations=1 (full 0):
 garbage-first heap   total 122880K, used 16812K [0x0000000089200000, 0x0000000100000000)
  region size 1024K, 11 young (11264K), 2 survivors (2048K)
 Metaspace       used 4903K, committed 5056K, reserved 1114112K
  class space    used 527K, committed 576K, reserved 1048576K
}
Event: 1.270 GC heap after
{Heap after GC invocations=2 (full 0):
 garbage-first heap   total 122880K, used 9362K [0x0000000089200000, 0x0000000100000000)
  region size 1024K, 1 young (1024K), 1 survivors (1024K)
 Metaspace       used 4903K, committed 5056K, reserved 1114112K
  class space    used 527K, committed 576K, reserved 1048576K
}
Event: 2.003 GC heap before
{Heap before GC invocations=2 (full 0):
 garbage-first heap   total 122880K, used 29842K [0x0000000089200000, 0x0000000100000000)
  region size 1024K, 20 young (20480K), 1 survivors (1024K)
 Metaspace       used 9493K, committed 9728K, reserved 1114112K
  class space    used 1053K, committed 1152K, reserved 1048576K
}
Event: 2.011 GC heap after
{Heap after GC invocations=3 (full 0):
 garbage-first heap   total 122880K, used 14264K [0x0000000089200000, 0x0000000100000000)
  region size 1024K, 3 young (3072K), 3 survivors (3072K)
 Metaspace       used 9493K, committed 9728K, reserved 1114112K
  class space    used 1053K, committed 1152K, reserved 1048576K
}
Event: 8.705 GC heap before
{Heap before GC invocations=3 (full 0):
 garbage-first heap   total 122880K, used 62392K [0x0000000089200000, 0x0000000100000000)
  region size 1024K, 48 young (49152K), 3 survivors (3072K)
 Metaspace       used 19525K, committed 19840K, reserved 1114112K
  class space    used 2323K, committed 2496K, reserved 1048576K
}
Event: 8.729 GC heap after
{Heap after GC invocations=4 (full 0):
 garbage-first heap   total 122880K, used 20220K [0x0000000089200000, 0x0000000100000000)
  region size 1024K, 6 young (6144K), 6 survivors (6144K)
 Metaspace       used 19525K, committed 19840K, reserved 1114112K
  class space    used 2323K, committed 2496K, reserved 1048576K
}

Deoptimization events (20 events):
Event: 14.333 Thread 0x000001add9444870 DEOPT PACKING pc=0x000001ade88bb528 sp=0x00000030edbfd910
Event: 14.333 Thread 0x000001add9444870 DEOPT UNPACKING pc=0x000001ade0dc23a3 sp=0x00000030edbfd8f0 mode 2
Event: 14.334 Thread 0x000001add9444870 DEOPT PACKING pc=0x000001ade16b1403 sp=0x00000030edbfd680
Event: 14.334 Thread 0x000001add9444870 DEOPT UNPACKING pc=0x000001ade0dc2b43 sp=0x00000030edbfcaf0 mode 0
Event: 14.335 Thread 0x000001add9444870 Uncommon trap: trap_request=0xffffff45 fr.pc=0x000001ade8910bd4 relative=0x0000000000000394
Event: 14.335 Thread 0x000001add9444870 Uncommon trap: reason=unstable_if action=reinterpret pc=0x000001ade8910bd4 method=io.cucumber.core.internal.com.fasterxml.jackson.core.json.WriterBasedJsonGenerator._writeString2(I)V @ 39 c2
Event: 14.335 Thread 0x000001add9444870 DEOPT PACKING pc=0x000001ade8910bd4 sp=0x00000030edbfcdd0
Event: 14.335 Thread 0x000001add9444870 DEOPT UNPACKING pc=0x000001ade0dc23a3 sp=0x00000030edbfcd40 mode 2
Event: 14.418 Thread 0x000001add9444870 Uncommon trap: trap_request=0xffffff45 fr.pc=0x000001ade88f22bc relative=0x000000000000071c
Event: 14.418 Thread 0x000001add9444870 Uncommon trap: reason=unstable_if action=reinterpret pc=0x000001ade88f22bc method=java.util.ArrayList.grow(I)[Ljava/lang/Object; @ 17 c2
Event: 14.418 Thread 0x000001add9444870 DEOPT PACKING pc=0x000001ade88f22bc sp=0x00000030edbfdf40
Event: 14.418 Thread 0x000001add9444870 DEOPT UNPACKING pc=0x000001ade0dc23a3 sp=0x00000030edbfddd8 mode 2
Event: 14.418 Thread 0x000001add9444870 Uncommon trap: trap_request=0xffffff45 fr.pc=0x000001ade88f9604 relative=0x0000000000000564
Event: 14.418 Thread 0x000001add9444870 Uncommon trap: reason=unstable_if action=reinterpret pc=0x000001ade88f9604 method=java.util.ArrayList.grow(I)[Ljava/lang/Object; @ 17 c2
Event: 14.418 Thread 0x000001add9444870 DEOPT PACKING pc=0x000001ade88f9604 sp=0x00000030edbfdc20
Event: 14.418 Thread 0x000001add9444870 DEOPT UNPACKING pc=0x000001ade0dc23a3 sp=0x00000030edbfdbd8 mode 2
Event: 14.420 Thread 0x000001add9444870 Uncommon trap: trap_request=0xffffffcc fr.pc=0x000001ade8954d88 relative=0x0000000000000368
Event: 14.420 Thread 0x000001add9444870 Uncommon trap: reason=intrinsic_or_type_checked_inlining action=make_not_entrant pc=0x000001ade8954d88 method=java.util.Arrays.copyOf([Ljava/lang/Object;ILjava/lang/Class;)[Ljava/lang/Object; @ 35 c2
Event: 14.420 Thread 0x000001add9444870 DEOPT PACKING pc=0x000001ade8954d88 sp=0x00000030edbfdc10
Event: 14.420 Thread 0x000001add9444870 DEOPT UNPACKING pc=0x000001ade0dc23a3 sp=0x00000030edbfdba0 mode 2

Classes loaded (20 events):
Event: 8.988 Loading class java/text/FieldPosition$Delegate
Event: 8.989 Loading class java/text/FieldPosition$Delegate done
Event: 9.235 Loading class java/util/AbstractList$ListItr
Event: 9.235 Loading class java/util/AbstractList$ListItr done
Event: 14.300 Loading class java/util/TreeMap$EntrySpliterator
Event: 14.300 Loading class java/util/TreeMap$EntrySpliterator done
Event: 14.316 Loading class java/lang/invoke/WrongMethodTypeException
Event: 14.317 Loading class java/lang/invoke/WrongMethodTypeException done
Event: 14.319 Loading class java/lang/StackTraceElement$HashedModules
Event: 14.319 Loading class java/lang/StackTraceElement$HashedModules done
Event: 14.330 Loading class java/lang/Throwable$WrappedPrintWriter
Event: 14.331 Loading class java/lang/Throwable$PrintStreamOrWriter
Event: 14.331 Loading class java/lang/Throwable$PrintStreamOrWriter done
Event: 14.331 Loading class java/lang/Throwable$WrappedPrintWriter done
Event: 14.331 Loading class java/util/concurrent/ConcurrentHashMap$EntrySpliterator
Event: 14.332 Loading class java/util/concurrent/ConcurrentHashMap$EntrySpliterator done
Event: 14.334 Loading class java/lang/Throwable$WrappedPrintStream
Event: 14.334 Loading class java/lang/Throwable$WrappedPrintStream done
Event: 19.404 Loading class java/nio/StringCharBuffer
Event: 19.412 Loading class java/nio/StringCharBuffer done

Classes unloaded (0 events):
No events

Classes redefined (0 events):
No events

Internal exceptions (20 events):
Event: 3.901 Thread 0x000001add9444870 Exception <a 'java/lang/NoSuchMethodError'{0x000000008ea3b5c0}: 'java.lang.Object java.lang.invoke.DirectMethodHandle$Holder.invokeVirtual(java.lang.Object, java.lang.Object, java.lang.Object)'> (0x000000008ea3b5c0) 
thrown [s\open\src\hotspot\share\interpreter\linkResolver.cpp, line 766]
Event: 3.997 Thread 0x000001add9444870 Exception <a 'java/lang/NoSuchMethodError'{0x000000008e83e318}: 'java.lang.Object java.lang.invoke.DirectMethodHandle$Holder.invokeStatic(java.lang.Object, java.lang.Object, int)'> (0x000000008e83e318) 
thrown [s\open\src\hotspot\share\interpreter\linkResolver.cpp, line 766]
Event: 3.997 Thread 0x000001add9444870 Exception <a 'java/lang/NoSuchMethodError'{0x000000008e841ea8}: 'java.lang.Object java.lang.invoke.DirectMethodHandle$Holder.invokeStaticInit(java.lang.Object, java.lang.Object, int)'> (0x000000008e841ea8) 
thrown [s\open\src\hotspot\share\interpreter\linkResolver.cpp, line 766]
Event: 3.998 Thread 0x000001add9444870 Exception <a 'java/lang/NoSuchMethodError'{0x000000008e8483a8}: 'java.lang.Object java.lang.invoke.DirectMethodHandle$Holder.newInvokeSpecial(java.lang.Object, java.lang.Object, int)'> (0x000000008e8483a8) 
thrown [s\open\src\hotspot\share\interpreter\linkResolver.cpp, line 766]
Event: 4.003 Thread 0x000001add9444870 Exception <a 'java/lang/NoSuchMethodError'{0x000000008e857970}: 'int java.lang.invoke.DirectMethodHandle$Holder.invokeStaticInit(java.lang.Object, java.lang.Object, java.lang.Object)'> (0x000000008e857970) 
thrown [s\open\src\hotspot\share\interpreter\linkResolver.cpp, line 766]
Event: 4.006 Thread 0x000001add9444870 Exception <a 'java/lang/NoSuchMethodError'{0x000000008e86cdf0}: 'int java.lang.invoke.DirectMethodHandle$Holder.invokeSpecialIFC(java.lang.Object, java.lang.Object, java.lang.Object)'> (0x000000008e86cdf0) 
thrown [s\open\src\hotspot\share\interpreter\linkResolver.cpp, line 766]
Event: 4.071 Thread 0x000001add9444870 Exception <a 'sun/nio/fs/WindowsException'{0x000000008e7827a0}> (0x000000008e7827a0) 
thrown [s\open\src\hotspot\share\prims\jni.cpp, line 516]
Event: 4.328 Thread 0x000001add9444870 Exception <a 'java/lang/IncompatibleClassChangeError'{0x000000008e06b8d8}: Found class java.lang.Object, but interface was expected> (0x000000008e06b8d8) 
thrown [s\open\src\hotspot\share\interpreter\linkResolver.cpp, line 833]
Event: 4.329 Thread 0x000001add9444870 Exception <a 'java/lang/NoSuchMethodError'{0x000000008e0743a8}: 'int java.lang.invoke.DirectMethodHandle$Holder.invokeSpecialIFC(java.lang.Object, java.lang.Object, java.lang.Object, java.lang.Object)'> (0x000000008e0743a8) 
thrown [s\open\src\hotspot\share\interpreter\linkResolver.cpp, line 766]
Event: 4.333 Thread 0x000001add9444870 Exception <a 'java/lang/NoSuchMethodError'{0x000000008e0982a8}: 'java.lang.Object java.lang.invoke.DirectMethodHandle$Holder.invokeVirtual(java.lang.Object, java.lang.Object, java.lang.Object, java.lang.Object)'> (0x000000008e0982a8) 
thrown [s\open\src\hotspot\share\interpreter\linkResolver.cpp, line 766]
Event: 4.358 Thread 0x000001adfacb7240 Exception <a 'java/net/ConnectException'{0x000000008dfd1dd0}: Connection refused: no further information> (0x000000008dfd1dd0) 
thrown [s\open\src\hotspot\share\prims\jni.cpp, line 535]
Event: 4.358 Thread 0x000001adfacb7240 Exception <a 'java/net/SocketException'{0x000000008dfd2108}: Socket is not connected: shutdown> (0x000000008dfd2108) 
thrown [s\open\src\hotspot\share\prims\jni.cpp, line 535]
Event: 4.383 Thread 0x000001adfacb7240 Exception <a 'java/net/ConnectException'{0x000000008dfd3100}: Connection refused: no further information> (0x000000008dfd3100) 
thrown [s\open\src\hotspot\share\prims\jni.cpp, line 535]
Event: 4.383 Thread 0x000001adfacb7240 Exception <a 'java/net/SocketException'{0x000000008dfd3438}: Socket is not connected: shutdown> (0x000000008dfd3438) 
thrown [s\open\src\hotspot\share\prims\jni.cpp, line 535]
Event: 4.453 Thread 0x000001add9444870 Exception <a 'java/lang/NoSuchMethodError'{0x000000008de91850}: 'java.lang.Object java.lang.invoke.DirectMethodHandle$Holder.newInvokeSpecial(java.lang.Object, java.lang.Object, int, int)'> (0x000000008de91850) 
thrown [s\open\src\hotspot\share\interpreter\linkResolver.cpp, line 766]
Event: 4.454 Thread 0x000001add9444870 Exception <a 'java/lang/NoSuchMethodError'{0x000000008de9c560}: 'void java.lang.invoke.DirectMethodHandle$Holder.invokeStatic(java.lang.Object, java.lang.Object, int)'> (0x000000008de9c560) 
thrown [s\open\src\hotspot\share\interpreter\linkResolver.cpp, line 766]
Event: 4.489 Thread 0x000001add9444870 Exception <a 'java/lang/NoSuchMethodError'{0x000000008dd49a60}: 'void java.lang.invoke.DirectMethodHandle$Holder.invokeStatic(java.lang.Object, java.lang.Object, java.lang.Object, java.lang.Object, java.lang.Object, java.lang.Object, java.lang.Object)'> (0x000000008dd49a60) 
thrown [s\open\src\hotspot\share\interpreter\linkResolver.cpp, line 766]
Event: 8.509 Thread 0x000001add9444870 Exception <a 'java/lang/NoSuchMethodError'{0x000000008dbffa50}: 'java.lang.Object java.lang.invoke.DirectMethodHandle$Holder.invokeSpecialIFC(java.lang.Object, java.lang.Object, java.lang.Object)'> (0x000000008dbffa50) 
thrown [s\open\src\hotspot\share\interpreter\linkResolver.cpp, line 766]
Event: 8.917 Thread 0x000001adfacb8580 Implicit null exception at 0x000001ade8881bd2 to 0x000001ade8882630
Event: 9.230 Thread 0x000001add9444870 Exception <a 'java/lang/NoSuchMethodError'{0x00000000905cb3c0}: 'void java.lang.invoke.Invokers$Holder.invokeExact_MT(java.lang.Object, java.lang.Object, java.lang.Object, java.lang.Object)'> (0x00000000905cb3c0) 
thrown [s\open\src\hotspot\share\interpreter\linkResolver.cpp, line 766]

VM Operations (20 events):
Event: 27.883 Executing VM operation: Cleanup
Event: 27.883 Executing VM operation: Cleanup done
Event: 28.887 Executing VM operation: Cleanup
Event: 28.887 Executing VM operation: Cleanup done
Event: 29.895 Executing VM operation: Cleanup
Event: 29.895 Executing VM operation: Cleanup done
Event: 30.906 Executing VM operation: Cleanup
Event: 30.906 Executing VM operation: Cleanup done
Event: 32.918 Executing VM operation: Cleanup
Event: 32.918 Executing VM operation: Cleanup done
Event: 33.934 Executing VM operation: Cleanup
Event: 33.934 Executing VM operation: Cleanup done
Event: 34.943 Executing VM operation: Cleanup
Event: 34.943 Executing VM operation: Cleanup done
Event: 35.945 Executing VM operation: Cleanup
Event: 35.945 Executing VM operation: Cleanup done
Event: 36.946 Executing VM operation: Cleanup
Event: 36.947 Executing VM operation: Cleanup done
Event: 37.961 Executing VM operation: Cleanup
Event: 37.961 Executing VM operation: Cleanup done

Events (20 events):
Event: 0.327 Loaded shared library C:\Program Files\Java\jdk-18.0.1\bin\zip.dll
Event: 0.374 Loaded shared library C:\Program Files\Java\jdk-18.0.1\bin\jimage.dll
Event: 2.993 Thread 0x000001adfacb7710 Thread added: 0x000001adfacb7710
Event: 3.884 Thread 0x000001adfacb7710 Thread exited: 0x000001adfacb7710
Event: 3.963 Thread 0x000001adfacb8580 Thread added: 0x000001adfacb8580
Event: 4.032 Loaded shared library C:\Program Files\Java\jdk-18.0.1\bin\sunmscapi.dll
Event: 4.301 Thread 0x000001adfacb68a0 Thread added: 0x000001adfacb68a0
Event: 4.341 Thread 0x000001adfacb8a50 Thread added: 0x000001adfacb8a50
Event: 4.345 Thread 0x000001adfacb6d70 Thread added: 0x000001adfacb6d70
Event: 4.345 Thread 0x000001adfacb7710 Thread added: 0x000001adfacb7710
Event: 4.347 Thread 0x000001adfacb7240 Thread added: 0x000001adfacb7240
Event: 4.422 Thread 0x000001adfacb7be0 Thread added: 0x000001adfacb7be0
Event: 4.507 Thread 0x000001adfacb80b0 Thread added: 0x000001adfacb80b0
Event: 4.560 Thread 0x000001adfacb93f0 Thread added: 0x000001adfacb93f0
Event: 4.563 Thread 0x000001adfacb5f00 Thread added: 0x000001adfacb5f00
Event: 8.820 Thread 0x000001adfacb63d0 Thread added: 0x000001adfacb63d0
Event: 8.821 Thread 0x000001adfad35700 Thread added: 0x000001adfad35700
Event: 8.828 Thread 0x000001adfad326e0 Thread added: 0x000001adfad326e0
Event: 8.839 Thread 0x000001adfad33ef0 Thread added: 0x000001adfad33ef0
Event: 9.424 Thread 0x000001adfacb7be0 Thread exited: 0x000001adfacb7be0


Dynamic libraries:
0x00007ff7ede60000 - 0x00007ff7ede70000 	C:\Program Files\Java\jdk-18.0.1\bin\javaw.exe
0x00007ff8ddbf0000 - 0x00007ff8ddde8000 	C:\WINDOWS\SYSTEM32\ntdll.dll
0x00007ff8dd6f0000 - 0x00007ff8dd7af000 	C:\WINDOWS\System32\KERNEL32.DLL
0x00007ff8db7f0000 - 0x00007ff8dbac2000 	C:\WINDOWS\System32\KERNELBASE.dll
0x00007ff8db5e0000 - 0x00007ff8db6e0000 	C:\WINDOWS\System32\ucrtbase.dll
0x00007ff8bc220000 - 0x00007ff8bc23a000 	C:\Program Files\Java\jdk-18.0.1\bin\VCRUNTIME140.dll
0x00007ff8bc240000 - 0x00007ff8bc258000 	C:\Program Files\Java\jdk-18.0.1\bin\jli.dll
0x00007ff8dd7d0000 - 0x00007ff8dd87e000 	C:\WINDOWS\System32\ADVAPI32.dll
0x00007ff8dbd70000 - 0x00007ff8dbe0e000 	C:\WINDOWS\System32\msvcrt.dll
0x00007ff8dc810000 - 0x00007ff8dc8ac000 	C:\WINDOWS\System32\sechost.dll
0x00007ff8dc8b0000 - 0x00007ff8dc9d5000 	C:\WINDOWS\System32\RPCRT4.dll
0x00007ff8dd8e0000 - 0x00007ff8dda7d000 	C:\WINDOWS\System32\USER32.dll
0x00007ff8db470000 - 0x00007ff8db492000 	C:\WINDOWS\System32\win32u.dll
0x00007ff8dc7e0000 - 0x00007ff8dc80b000 	C:\WINDOWS\System32\GDI32.dll
0x00007ff8db4a0000 - 0x00007ff8db5af000 	C:\WINDOWS\System32\gdi32full.dll
0x00007ff8c4290000 - 0x00007ff8c452a000 	C:\WINDOWS\WinSxS\amd64_microsoft.windows.common-controls_6595b64144ccf1df_6.0.19041.1110_none_60b5254171f9507e\COMCTL32.dll
0x00007ff8db6e0000 - 0x00007ff8db77d000 	C:\WINDOWS\System32\msvcp_win.dll
0x00007ff8d5a10000 - 0x00007ff8d5a1a000 	C:\WINDOWS\SYSTEM32\VERSION.dll
0x00007ff8dbd30000 - 0x00007ff8dbd62000 	C:\WINDOWS\System32\IMM32.DLL
0x00007ff8cd610000 - 0x00007ff8cd61c000 	C:\Program Files\Java\jdk-18.0.1\bin\vcruntime140_1.dll
0x00007ff8a2b30000 - 0x00007ff8a2bbd000 	C:\Program Files\Java\jdk-18.0.1\bin\msvcp140.dll
0x00007ff89be10000 - 0x00007ff89ca20000 	C:\Program Files\Java\jdk-18.0.1\bin\server\jvm.dll
0x00007ff8dda80000 - 0x00007ff8dda88000 	C:\WINDOWS\System32\PSAPI.DLL
0x00007ff8cd540000 - 0x00007ff8cd549000 	C:\WINDOWS\SYSTEM32\WSOCK32.dll
0x00007ff8dda90000 - 0x00007ff8ddafb000 	C:\WINDOWS\System32\WS2_32.dll
0x00007ff8c8920000 - 0x00007ff8c8947000 	C:\WINDOWS\SYSTEM32\WINMM.dll
0x00007ff8d91c0000 - 0x00007ff8d91d2000 	C:\WINDOWS\SYSTEM32\kernel.appcore.dll
0x00007ff8cd370000 - 0x00007ff8cd37a000 	C:\Program Files\Java\jdk-18.0.1\bin\jimage.dll
0x00007ff8c8b80000 - 0x00007ff8c8d64000 	C:\WINDOWS\SYSTEM32\DBGHELP.DLL
0x00007ff8c8680000 - 0x00007ff8c86ac000 	C:\WINDOWS\SYSTEM32\dbgcore.DLL
0x00007ff8db3e0000 - 0x00007ff8db462000 	C:\WINDOWS\System32\bcryptPrimitives.dll
0x00007ff8ba120000 - 0x00007ff8ba145000 	C:\Program Files\Java\jdk-18.0.1\bin\java.dll
0x00007ff8a0e90000 - 0x00007ff8a0f66000 	C:\Program Files\Java\jdk-18.0.1\bin\jsvml.dll
0x00007ff8dcfa0000 - 0x00007ff8dd6e3000 	C:\WINDOWS\System32\SHELL32.dll
0x00007ff8d94a0000 - 0x00007ff8d9c32000 	C:\WINDOWS\SYSTEM32\windows.storage.dll
0x00007ff8dc120000 - 0x00007ff8dc474000 	C:\WINDOWS\System32\combase.dll
0x00007ff8dad60000 - 0x00007ff8dad90000 	C:\WINDOWS\SYSTEM32\Wldp.dll
0x00007ff8ddb00000 - 0x00007ff8ddbad000 	C:\WINDOWS\System32\SHCORE.dll
0x00007ff8dbe10000 - 0x00007ff8dbe65000 	C:\WINDOWS\System32\shlwapi.dll
0x00007ff8db320000 - 0x00007ff8db33f000 	C:\WINDOWS\SYSTEM32\profapi.dll
0x00007ff8b7040000 - 0x00007ff8b7053000 	C:\Program Files\Java\jdk-18.0.1\bin\net.dll
0x00007ff8d0d10000 - 0x00007ff8d0e1c000 	C:\WINDOWS\SYSTEM32\WINHTTP.dll
0x00007ff8daac0000 - 0x00007ff8dab2a000 	C:\WINDOWS\system32\mswsock.dll
0x00007ff8b7020000 - 0x00007ff8b7036000 	C:\Program Files\Java\jdk-18.0.1\bin\nio.dll
0x00007ff8b31b0000 - 0x00007ff8b31c8000 	C:\Program Files\Java\jdk-18.0.1\bin\zip.dll
0x00007ff8dacb0000 - 0x00007ff8dacc8000 	C:\WINDOWS\SYSTEM32\CRYPTSP.dll
0x00007ff8da3e0000 - 0x00007ff8da414000 	C:\WINDOWS\system32\rsaenh.dll
0x00007ff8db5b0000 - 0x00007ff8db5d7000 	C:\WINDOWS\System32\bcrypt.dll
0x00007ff8db2e0000 - 0x00007ff8db30e000 	C:\WINDOWS\SYSTEM32\USERENV.dll
0x00007ff8dacd0000 - 0x00007ff8dacdc000 	C:\WINDOWS\SYSTEM32\CRYPTBASE.dll
0x00007ff8da7b0000 - 0x00007ff8da7eb000 	C:\WINDOWS\SYSTEM32\IPHLPAPI.DLL
0x00007ff8dc9e0000 - 0x00007ff8dc9e8000 	C:\WINDOWS\System32\NSI.dll
0x00007ff8d25f0000 - 0x00007ff8d2607000 	C:\WINDOWS\SYSTEM32\dhcpcsvc6.DLL
0x00007ff8d3fa0000 - 0x00007ff8d3fbd000 	C:\WINDOWS\SYSTEM32\dhcpcsvc.DLL
0x00007ff8da7f0000 - 0x00007ff8da8ba000 	C:\WINDOWS\SYSTEM32\DNSAPI.dll
0x00007ff8d03e0000 - 0x00007ff8d03ea000 	C:\Windows\System32\rasadhlp.dll
0x00007ff8cb420000 - 0x00007ff8cb4a0000 	C:\WINDOWS\System32\fwpuclnt.dll
0x00007ff8d8280000 - 0x00007ff8d828e000 	C:\Program Files\Java\jdk-18.0.1\bin\sunmscapi.dll
0x00007ff8dbad0000 - 0x00007ff8dbc26000 	C:\WINDOWS\System32\CRYPT32.dll
0x00007ff8dadd0000 - 0x00007ff8dadf7000 	C:\WINDOWS\SYSTEM32\ncrypt.dll
0x00007ff8dad90000 - 0x00007ff8dadcb000 	C:\WINDOWS\SYSTEM32\NTASN1.dll

dbghelp: loaded successfully - version: 4.0.5 - missing functions: none
symbol engine: initialized successfully - sym options: 0x614 - pdb path: .;C:\Program Files\Java\jdk-18.0.1\bin;C:\WINDOWS\SYSTEM32;C:\WINDOWS\WinSxS\amd64_microsoft.windows.common-controls_6595b64144ccf1df_6.0.19041.1110_none_60b5254171f9507e;C:\Program Files\Java\jdk-18.0.1\bin\server

VM Arguments:
jvm_args: -Dfile.encoding=UTF-8 -XX:+ShowCodeDetailsInExceptionMessages 
java_command: cucumber.api.cli.Main C:/Users/LENOVO/git/repository2/Eco_PVT_LTD/src/test/resources/features/AddDifferentWidgets.feature --glue classpath: --plugin pretty --monochrome
java_class_path (initial): C:\Users\LENOVO\git\repository2\Eco_PVT_LTD\target\classes;C:\Users\LENOVO\git\repository2\Eco_PVT_LTD\target\test-classes;C:\Users\LENOVO\.m2\repository\io\cucumber\cucumber-java\7.12.0\cucumber-java-7.12.0.jar;C:\Users\LENOVO\.m2\repository\org\apiguardian\apiguardian-api\1.1.2\apiguardian-api-1.1.2.jar;C:\Users\LENOVO\.m2\repository\io\cucumber\cucumber-testng\7.12.0\cucumber-testng-7.12.0.jar;C:\Users\LENOVO\.m2\repository\io\cucumber\cucumber-core\7.12.0\cucumber-core-7.12.0.jar;C:\Users\LENOVO\.m2\repository\io\cucumber\cucumber-gherkin\7.12.0\cucumber-gherkin-7.12.0.jar;C:\Users\LENOVO\.m2\repository\io\cucumber\cucumber-gherkin-messages\7.12.0\cucumber-gherkin-messages-7.12.0.jar;C:\Users\LENOVO\.m2\repository\io\cucumber\gherkin\26.2.0\gherkin-26.2.0.jar;C:\Users\LENOVO\.m2\repository\io\cucumber\messages\22.0.0\messages-22.0.0.jar;C:\Users\LENOVO\.m2\repository\io\cucumber\tag-expressions\5.0.1\tag-expressions-5.0.1.jar;C:\Users\LENOVO\.m2\repository\io\cucumber\cucumber-expressions\16.1.2\cucumber-expressions-16.1.2.jar;C:\Users\LENOVO\.m2\repository\io\cucumber\datatable\7.12.0\datatable-7.12.0.jar;C:\Users\LENOVO\.m2\repository\io\cucumber\cucumber-plugin\7.12.0\cucumber-plugin-7.12.0.jar;C:\Users\LENOVO\.m2\repository\io\cucumber\docstring\7.12.0\docstring-7.12.0.jar;C:\Users\LENOVO\.m2\repository\io\cucumber\html-formatter\20.3.0\html-formatter-20.3.0.jar;C:\Users\LENOVO\.m2\repository\io\cucumber\junit-xml-formatter\0.2.0\junit-xml-formatter-0.2.0.jar;C:\Users\LENOVO\.m2\repository\io\cucumber\ci-environment\9.2.0\ci-environment-9.2.0.jar;C:\Users\LENOVO\.m2\repository\org\testng\testng\7.8.0\testng-7.8.0.jar;C:\Users\LENOVO\.m2\repository\org\slf4j\slf4j-api\1.7.36\slf4j-api-1.7.36.jar;C:\Users\LENOVO\.m2\repository\com\beust\jcommander\1.82\jcommander-1.82.jar;C:\Users\LENOVO\.m2\repository\org\webjars\jquery\3.6.1\jquery-3.6.1.jar;C:\Users\LENOVO\.m2\repository\org\seleniumhq\selenium\selenium-java\4.20.0\selenium-java-4.20.0.jar;C:\Users\LENOVO\.m2\repository\org\seleniumhq\selenium\selenium-api\4.20.0\selenium-api-4.20.0.jar;C:\Users\LENOVO\.m2\repository\org\seleniumhq\selenium\selenium-chrome-driver\4.20.0\selenium-chrome-driver-4.20.0.jar;C:\Users\LENOVO\.m2\repository\com\google\auto\service\auto-service-annotations\1.1.1\auto-service-annotations-1.1.1.jar;C:\Users\LENOVO\.m2\repository\org\seleniumhq\selenium\selenium-chromium-driver\4.20.0\selenium-chromium-driver-4.20.0.jar;C:\Users\LENOVO\.m2\repository\org\seleniumhq\selenium\selenium-json\4.20.0\selenium-json-4.20.0.jar;C:\Users\LENOVO\.m2\repository\org\seleniumhq\selenium\selenium-manager\4.20.0\selenium-manager-4.20.0.jar;C:\Users\LENOVO\.m2\repository\org\seleniumhq\selenium\selenium-devtools-v122\4.20.0\selenium-devtools-v122-4.20.0.jar;C:\Users\LENOVO\.m2\repository\org\seleniumhq\selenium\selenium-devtools-v123\4.20.0\selenium-devtools-v123-4.20.0.jar;C:\Users\LENOVO\.m2\repository\org\seleniumhq\selenium\selenium-devtools-v124\4.20.0\selenium-devtools-v124-4.20.0.jar;C:\Users\LENOVO\.m2\repository\org\seleniumhq\selenium\selenium-devtools-v85\4.20.0\selenium-devtools-v85-4.20.0.jar;C:\Users\LENOVO\.m2\repository\org\seleniumhq\selenium\selenium-edge-driver\4.20.0\selenium-edge-driver-4.20.0.jar;C:\Users\LENOVO\.m2\repository\org\seleniumhq\selenium\selenium-firefox-driver\4.20.0\selenium-firefox-driver-4.20.0.jar;C:\Users\LENOVO\.m2\repository\org\seleniumhq\selenium\selenium-http\4.20.0\selenium-http-4.20.0.jar;C:\Users\LENOVO\.m2\repository\dev\failsafe\failsafe\3.3.2\failsafe-3.3.2.jar;C:\Users\LENOVO\.m2\repository\org\seleniumhq\selenium\selenium-ie-driver\4.20.0\selenium-ie-driver-4.20.0.jar;C:\Users\LENOVO\.m2\repository\org\seleniumhq\selenium\selenium-remote-driver\4.20.0\selenium-remote-driver-4.20.0.jar;C:\Users\LENOVO\.m2\repository\com\google\guava\guava\33.1.0-jre\guava-33.1.0-jre.jar;C:\Users\LENOVO\.m2\repository\com\google\guava\failureaccess\1.0.2\failureaccess-1.0.2.jar;C:\Users\LENOVO\.m2\repository\com\google\guava\listenablefuture\9999.0-empty-to-avoid-conflict-with-guava\listenablefuture-9999.0-empty-to-avoid-conflict-with-guava.jar;C:\Users\LENOVO\.m2\repository\com\google\code\findbugs\jsr305\3.0.2\jsr305-3.0.2.jar;C:\Users\LENOVO\.m2\repository\org\checkerframework\checker-qual\3.42.0\checker-qual-3.42.0.jar;C:\Users\LENOVO\.m2\repository\com\google\errorprone\error_prone_annotations\2.26.1\error_prone_annotations-2.26.1.jar;C:\Users\LENOVO\.m2\repository\com\google\j2objc\j2objc-annotations\3.0.0\j2objc-annotations-3.0.0.jar;C:\Users\LENOVO\.m2\repository\io\opentelemetry\semconv\opentelemetry-semconv\1.25.0-alpha\opentelemetry-semconv-1.25.0-alpha.jar;C:\Users\LENOVO\.m2\repository\io\opentelemetry\opentelemetry-api\1.37.0\opentelemetry-api-1.37.0.jar;C:\Users\LENOVO\.m2\repository\io\opentelemetry\opentelemetry-context\1.37.0\opentelemetry-context-1.37.0.jar;C:\Users\LENOVO\.m2\repository\io\opentelemetry\opentelemetry-exporter-logging\1.37.0\opentelemetry-exporter-logging-1.37.0.jar;C:\Users\LENOVO\.m2\repository\io\opentelemetry\opentelemetry-sdk-common\1.37.0\opentelemetry-sdk-common-1.37.0.jar;C:\Users\LENOVO\.m2\repository\io\opentelemetry\opentelemetry-sdk-extension-autoconfigure-spi\1.37.0\opentelemetry-sdk-extension-autoconfigure-spi-1.37.0.jar;C:\Users\LENOVO\.m2\repository\io\opentelemetry\opentelemetry-sdk-extension-autoconfigure\1.37.0\opentelemetry-sdk-extension-autoconfigure-1.37.0.jar;C:\Users\LENOVO\.m2\repository\io\opentelemetry\opentelemetry-api-incubator\1.37.0-alpha\opentelemetry-api-incubator-1.37.0-alpha.jar;C:\Users\LENOVO\.m2\repository\io\opentelemetry\opentelemetry-sdk-trace\1.37.0\opentelemetry-sdk-trace-1.37.0.jar;C:\Users\LENOVO\.m2\repository\io\opentelemetry\opentelemetry-sdk\1.37.0\opentelemetry-sdk-1.37.0.jar;C:\Users\LENOVO\.m2\repository\io\opentelemetry\opentelemetry-sdk-metrics\1.37.0\opentelemetry-sdk-metrics-1.37.0.jar;C:\Users\LENOVO\.m2\repository\io\opentelemetry\opentelemetry-sdk-logs\1.37.0\opentelemetry-sdk-logs-1.37.0.jar;C:\Users\LENOVO\.m2\repository\net\bytebuddy\byte-buddy\1.14.14\byte-buddy-1.14.14.jar;C:\Users\LENOVO\.m2\repository\org\seleniumhq\selenium\selenium-os\4.20.0\selenium-os-4.20.0.jar;C:\Users\LENOVO\.m2\repository\org\apache\commons\commons-exec\1.4.0\commons-exec-1.4.0.jar;C:\Users\LENOVO\.m2\repository\org\seleniumhq\selenium\selenium-safari-driver\4.20.0\selenium-safari-driver-4.20.0.jar;C:\Users\LENOVO\.m2\repository\org\seleniumhq\selenium\selenium-support\4.20.0\selenium-support-4.20.0.jar;C:\Users\LENOVO\.m2\repository\io\github\bonigarcia\webdrivermanager\5.7.0\webdrivermanager-5.7.0.jar;C:\Users\LENOVO\.m2\repository\com\google\code\gson\gson\2.10.1\gson-2.10.1.jar;C:\Users\LENOVO\.m2\repository\com\github\docker-java\docker-java\3.3.5\docker-java-3.3.5.jar;C:\Users\LENOVO\.m2\repository\com\github\docker-java\docker-java-core\3.3.5\docker-java-core-3.3.5.jar;C:\Users\LENOVO\.m2\repository\com\github\docker-java\docker-java-api\3.3.5\docker-java-api-3.3.5.jar;C:\Users\LENOVO\.m2\repository\com\fasterxml\jackson\core\jackson-annotations\2.10.3\jackson-annotations-2.10.3.jar;C:\Users\LENOVO\.m2\repository\com\fasterxml\jackson\core\jackson-databind\2.10.3\jackson-databind-2.10.3.jar;C:\Users\LENOVO\.m2\repository\com\fasterxml\jackson\core\jackson-core\2.10.3\jackson-core-2.10.3.jar;C:\Users\LENOVO\.m2\repository\org\bouncycastle\bcpkix-jdk18on\1.76\bcpkix-jdk18on-1.76.jar;C:\Users\LENOVO\.m2\repository\org\bouncycastle\bcprov-jdk18on\1.76\bcprov-jdk18on-1.76.jar;C:\Users\LENOVO\.m2\repository\org\bouncycastle\bcutil-jdk18on\1.76\bcutil-jdk18on-1.76.jar;C:\Users\LENOVO\.m2\repository\org\slf4j\jcl-over-slf4j\1.7.30\jcl-over-slf4j-1.7.30.jar;C:\Users\LENOVO\.m2\repository\com\github\docker-java\docker-java-transport-httpclient5\3.3.5\docker-java-transport-httpclient5-3.3.5.jar;C:\Users\LENOVO\.m2\repository\com\github\docker-java\docker-java-transport\3.3.5\docker-java-transport-3.3.5.jar;C:\Users\LENOVO\.m2\repository\net\java\dev\jna\jna\5.13.0\jna-5.13.0.jar;C:\Users\LENOVO\.m2\repository\org\brotli\dec\0.1.2\dec-0.1.2.jar;C:\Users\LENOVO\.m2\repository\org\apache\commons\commons-lang3\3.14.0\commons-lang3-3.14.0.jar;C:\Users\LENOVO\.m2\repository\org\apache\commons\commons-compress\1.26.0\commons-compress-1.26.0.jar;C:\Users\LENOVO\.m2\repository\commons-io\commons-io\2.15.1\commons-io-2.15.1.jar;C:\Users\LENOVO\.m2\repository\org\apache\httpcomponents\client5\httpclient5\5.2.1\httpclient5-5.2.1.jar;C:\Users\LENOVO\.m2\repository\org\apache\httpcomponents\core5\httpcore5\5.2\httpcore5-5.2.jar;C:\Users\LENOVO\.m2\repository\org\apache\httpcomponents\core5\httpcore5-h2\5.2\httpcore5-h2-5.2.jar;C:\Users\LENOVO\.m2\repository\tech\grasshopper\extentreports-cucumber7-adapter\1.10.1\extentreports-cucumber7-adapter-1.10.1.jar;C:\Users\LENOVO\.m2\repository\com\aventstack\extentreports\5.0.9\extentreports-5.0.9.jar;C:\Users\LENOVO\.m2\repository\io\reactivex\rxjava3\rxjava\3.0.4\rxjava-3.0.4.jar;C:\Users\LENOVO\.m2\repository\org\reactivestreams\reactive-streams\1.0.3\reactive-streams-1.0.3.jar;C:\Users\LENOVO\.m2\repository\org\freemarker\freemarker\2.3.30\freemarker-2.3.30.jar;C:\Users\LENOVO\.m2\repository\org\projectlombok\lombok\1.18.12\lombok-1.18.12.jar;C:\Users\LENOVO\.m2\repository\tech\grasshopper\extent-pdf-report\2.9.1\extent-pdf-report-2.9.1.jar;C:\Users\LENOVO\.m2\repository\tech\grasshopper\cucumber-pdf-report\2.11.1\cucumber-pdf-report-2.11.1.jar;C:\Users\LENOVO\.m2\repository\org\apache\pdfbox\pdfbox\2.0.26\pdfbox-2.0.26.jar;C:\Users\LENOVO\.m2\repository\org\apache\pdfbox\fontbox\2.0.26\fontbox-2.0.26.jar;C:\Users\LENOVO\.m2\repository\org\knowm\xchart\xchart\3.8.0\xchart-3.8.0.jar;C:\Users\LENOVO\.m2\repository\de\erichseifert\vectorgraphics2d\VectorGraphics2D\0.13\VectorGraphics2D-0.13.jar;C:\Users\LENOVO\.m2\repository\de\rototor\pdfbox\graphics2d\0.30\graphics2d-0.30.jar;C:\Users\LENOVO\.m2\repository\com\madgag\animated-gif-lib\1.4\animated-gif-lib-1.4.jar;C:\Users\LENOVO\.m2\repository\org\yaml\snakeyaml\1.28\snakeyaml-1.28.jar;C:\Users\LENOVO\.m2\repository\tech\grasshopper\table-layout\1.5.1\table-layout-1.5.1.jar;C:\Users\LENOVO\.m2\repository\tech\grasshopper\rest-assured-cucumber-pdf-report\1.4.1\rest-assured-cucumber-pdf-report-1.4.1.jar;C:\Users\LENOVO\.m2\repository\org\jsoup\jsoup\1.15.3\jsoup-1.15.3.jar;C:\Users\LENOVO\.m2\repository\com\aventstack\klov-reporter\5.0.9\klov-reporter-5.0.9.jar;C:\Users\LENOVO\.m2\repository\org\mongodb\mongodb-driver\3.6.4\mongodb-driver-3.6.4.jar;C:\Users\LENOVO\.m2\repository\org\mongodb\mongodb-driver-core\3.6.4\mongodb-driver-core-3.6.4.jar;C:\Users\LENOVO\.m2\repository\org\mongodb\bson\3.6.4\bson-3.6.4.jar;C:\Users\LENOVO\.m2\repository\org\apache\httpcomponents\httpclient\4.5.13\httpclient-4.5.13.jar;C:\Users\LENOVO\.m2\repository\org\apache\httpcomponents\httpcore\4.4.13\httpcore-4.4.13.jar;C:\Users\LENOVO\.m2\repository\commons-logging\commons-logging\1.2\commons-logging-1.2.jar;C:\Users\LENOVO\.m2\repository\commons-codec\commons-codec\1.11\commons-codec-1.11.jar;C:\Users\LENOVO\.m2\repository\org\apache\httpcomponents\httpmime\4.5.13\httpmime-4.5.13.jar;C:\Users\LENOVO\.m2\repository\tech\grasshopper\htmlextentreporter\1.0.1\htmlextentreporter-1.0.1.jar;C:\Users\LENOVO\.m2\repository\tech\grasshopper\extent-excel-report\1.3.0\extent-excel-report-1.3.0.jar;C:\Users\LENOVO\.m2\repository\org\apache\poi\poi\5.2.3\poi-5.2.3.jar;C:\Users\LENOVO\.m2\repository\org\apache\commons\commons-collections4\4.4\commons-collections4-4.4.jar;C:\Users\LENOVO\.m2\repository\org\apache\commons\commons-math3\3.6.1\commons-math3-3.6.1.jar;C:\Users\LENOVO\.m2\repository\com\zaxxer\SparseBitSet\1.2\SparseBitSet-1.2.jar;C:\Users\LENOVO\.m2\repository\org\apache\logging\log4j\log4j-api\2.18.0\log4j-api-2.18.0.jar;C:\Users\LENOVO\.m2\repository\org\apache\poi\poi-ooxml\5.2.3\poi-ooxml-5.2.3.jar;C:\Users\LENOVO\.m2\repository\org\apache\poi\poi-ooxml-lite\5.2.3\poi-ooxml-lite-5.2.3.jar;C:\Users\LENOVO\.m2\repository\org\apache\xmlbeans\xmlbeans\5.1.1\xmlbeans-5.1.1.jar;C:\Users\LENOVO\.m2\repository\com\github\virtuald\curvesapi\1.07\curvesapi-1.07.jar
Launcher Type: SUN_STANDARD

[Global flags]
     intx CICompilerCount                          = 3                                         {product} {ergonomic}
     uint ConcGCThreads                            = 1                                         {product} {ergonomic}
     uint G1ConcRefinementThreads                  = 4                                         {product} {ergonomic}
   size_t G1HeapRegionSize                         = 1048576                                   {product} {ergonomic}
    uintx GCDrainStackTargetSize                   = 64                                        {product} {ergonomic}
   size_t InitialHeapSize                          = 125829120                                 {product} {ergonomic}
   size_t MarkStackSize                            = 4194304                                   {product} {ergonomic}
   size_t MaxHeapSize                              = 1994391552                                {product} {ergonomic}
   size_t MaxNewSize                               = 1196425216                                {product} {ergonomic}
   size_t MinHeapDeltaBytes                        = 1048576                                   {product} {ergonomic}
   size_t MinHeapSize                              = 8388608                                   {product} {ergonomic}
    uintx NonNMethodCodeHeapSize                   = 5832780                                {pd product} {ergonomic}
    uintx NonProfiledCodeHeapSize                  = 122912730                              {pd product} {ergonomic}
    uintx ProfiledCodeHeapSize                     = 122912730                              {pd product} {ergonomic}
    uintx ReservedCodeCacheSize                    = 251658240                              {pd product} {ergonomic}
     bool SegmentedCodeCache                       = true                                      {product} {ergonomic}
     bool ShowCodeDetailsInExceptionMessages       = true                                   {manageable} {command line}
   size_t SoftMaxHeapSize                          = 1994391552                             {manageable} {ergonomic}
     bool UseCompressedClassPointers               = true                           {product lp64_product} {ergonomic}
     bool UseCompressedOops                        = true                           {product lp64_product} {ergonomic}
     bool UseG1GC                                  = true                                      {product} {ergonomic}
     bool UseLargePagesIndividualAllocation        = false                                  {pd product} {ergonomic}

Logging:
Log output configuration:
 #0: stdout all=warning uptime,level,tags foldmultilines=false
 #1: stderr all=off uptime,level,tags foldmultilines=false

Environment Variables:
PATH=C:\Program Files\Common Files\Oracle\Java\javapath;C:\WINDOWS\system32;C:\WINDOWS;C:\WINDOWS\System32\Wbem;C:\WINDOWS\System32\WindowsPowerShell\v1.0\;C:\WINDOWS\System32\OpenSSH\;C:\Program Files\Git\cmd;C:\Users\LENOVO\AppData\Local\Microsoft\WindowsApps;
USERNAME=LENOVO
OS=Windows_NT
PROCESSOR_IDENTIFIER=Intel64 Family 6 Model 78 Stepping 3, GenuineIntel



---------------  S Y S T E M  ---------------

OS:
 Windows 10 , 64 bit Build 19041 (10.0.19041.2251)
OS uptime: 31 days 3:22 hours

CPU: total 4 (initial active 4) (2 cores per cpu, 2 threads per core) family 6 model 78 stepping 3 microcode 0xcc, cx8, cmov, fxsr, ht, mmx, 3dnowpref, sse, sse2, sse3, ssse3, sse4.1, sse4.2, popcnt, lzcnt, tsc, tscinvbit, avx, avx2, aes, erms, clmul, bmi1, bmi2, rtm, adx, fma, vzeroupper, clflush, clflushopt

Memory: 4k page, system-wide physical 7603M (51M free)
TotalPageFile size 25441M (AvailPageFile size 0M)
current process WorkingSet (physical memory assigned to process): 114M, peak: 144M
current process commit charge ("private bytes"): 233M, peak: 239M

vm_info: Java HotSpot(TM) 64-Bit Server VM (18.0.1+10-24) for windows-amd64 JRE (18.0.1+10-24), built on Mar  9 2022 22:41:56 by "mach5one" with MS VC++ 16.8 / 16.9 (VS2019)

END.
